[0.990s] DEBUG:colcon:Command line arguments: ['/usr/bin/colcon', 'build']
[0.991s] DEBUG:colcon:Parsed command line arguments: Namespace(allow_overriding=[], ament_cmake_args=None, base_paths=['.'], build_base='build', catkin_cmake_args=None, catkin_skip_building_tests=False, cmake_args=None, cmake_clean_cache=False, cmake_clean_first=False, cmake_force_configure=False, cmake_target=None, cmake_target_skip_unavailable=False, continue_on_error=False, event_handlers=None, executor='parallel', ignore_user_meta=False, install_base='install', log_base=None, log_level=None, main=<bound method BuildVerb.main of <colcon_core.verb.build.BuildVerb object at 0xffff8b73e910>>, merge_install=False, metas=['./colcon.meta'], packages_above=None, packages_above_and_dependencies=None, packages_above_depth=None, packages_end=None, packages_ignore=None, packages_ignore_regex=None, packages_select=None, packages_select_build_failed=False, packages_select_by_dep=None, packages_select_regex=None, packages_select_test_failures=False, packages_skip=None, packages_skip_build_finished=False, packages_skip_by_dep=None, packages_skip_regex=None, packages_skip_test_passed=False, packages_skip_up_to=None, packages_start=None, packages_up_to=None, packages_up_to_regex=None, parallel_workers=8, paths=None, symlink_install=False, test_result_base=None, verb_extension=<colcon_core.verb.build.BuildVerb object at 0xffff8b73e910>, verb_name='build', verb_parser=<colcon_defaults.argument_parser.defaults.DefaultArgumentsDecorator object at 0xffff8b73ee80>)
[1.070s] Level 1:colcon.colcon_core.package_discovery:discover_packages(colcon_meta) check parameters
[1.071s] Level 1:colcon.colcon_core.package_discovery:discover_packages(recursive) check parameters
[1.071s] Level 1:colcon.colcon_core.package_discovery:discover_packages(ignore) check parameters
[1.071s] Level 1:colcon.colcon_core.package_discovery:discover_packages(path) check parameters
[1.071s] Level 1:colcon.colcon_core.package_discovery:discover_packages(colcon_meta) discover
[1.072s] Level 1:colcon.colcon_core.package_discovery:discover_packages(recursive) discover
[1.072s] INFO:colcon.colcon_core.package_discovery:Crawling recursively for packages in '/home/avees/my_ros2_ws'
[1.072s] Level 1:colcon.colcon_core.package_identification:_identify(.) by extensions ['ignore', 'ignore_ament_install']
[1.072s] Level 1:colcon.colcon_core.package_identification:_identify(.) by extension 'ignore'
[1.073s] Level 1:colcon.colcon_core.package_identification:_identify(.) by extension 'ignore_ament_install'
[1.073s] Level 1:colcon.colcon_core.package_identification:_identify(.) by extensions ['colcon_pkg']
[1.073s] Level 1:colcon.colcon_core.package_identification:_identify(.) by extension 'colcon_pkg'
[1.073s] Level 1:colcon.colcon_core.package_identification:_identify(.) by extensions ['colcon_meta']
[1.073s] Level 1:colcon.colcon_core.package_identification:_identify(.) by extension 'colcon_meta'
[1.073s] Level 1:colcon.colcon_core.package_identification:_identify(.) by extensions ['ros']
[1.073s] Level 1:colcon.colcon_core.package_identification:_identify(.) by extension 'ros'
[1.134s] Level 1:colcon.colcon_core.package_identification:_identify(.) by extensions ['cmake', 'python']
[1.134s] Level 1:colcon.colcon_core.package_identification:_identify(.) by extension 'cmake'
[1.134s] Level 1:colcon.colcon_core.package_identification:_identify(.) by extension 'python'
[1.134s] Level 1:colcon.colcon_core.package_identification:_identify(.) by extensions ['python_setup_py']
[1.134s] Level 1:colcon.colcon_core.package_identification:_identify(.) by extension 'python_setup_py'
[1.135s] Level 1:colcon.colcon_core.package_identification:_identify(build) by extensions ['ignore', 'ignore_ament_install']
[1.135s] Level 1:colcon.colcon_core.package_identification:_identify(build) by extension 'ignore'
[1.135s] Level 1:colcon.colcon_core.package_identification:_identify(build) ignored
[1.136s] Level 1:colcon.colcon_core.package_identification:_identify(install) by extensions ['ignore', 'ignore_ament_install']
[1.136s] Level 1:colcon.colcon_core.package_identification:_identify(install) by extension 'ignore'
[1.136s] Level 1:colcon.colcon_core.package_identification:_identify(install) ignored
[1.136s] Level 1:colcon.colcon_core.package_identification:_identify(log) by extensions ['ignore', 'ignore_ament_install']
[1.137s] Level 1:colcon.colcon_core.package_identification:_identify(log) by extension 'ignore'
[1.137s] Level 1:colcon.colcon_core.package_identification:_identify(log) ignored
[1.137s] Level 1:colcon.colcon_core.package_identification:_identify(src) by extensions ['ignore', 'ignore_ament_install']
[1.137s] Level 1:colcon.colcon_core.package_identification:_identify(src) by extension 'ignore'
[1.137s] Level 1:colcon.colcon_core.package_identification:_identify(src) by extension 'ignore_ament_install'
[1.138s] Level 1:colcon.colcon_core.package_identification:_identify(src) by extensions ['colcon_pkg']
[1.138s] Level 1:colcon.colcon_core.package_identification:_identify(src) by extension 'colcon_pkg'
[1.138s] Level 1:colcon.colcon_core.package_identification:_identify(src) by extensions ['colcon_meta']
[1.138s] Level 1:colcon.colcon_core.package_identification:_identify(src) by extension 'colcon_meta'
[1.138s] Level 1:colcon.colcon_core.package_identification:_identify(src) by extensions ['ros']
[1.138s] Level 1:colcon.colcon_core.package_identification:_identify(src) by extension 'ros'
[1.138s] Level 1:colcon.colcon_core.package_identification:_identify(src) by extensions ['cmake', 'python']
[1.139s] Level 1:colcon.colcon_core.package_identification:_identify(src) by extension 'cmake'
[1.139s] Level 1:colcon.colcon_core.package_identification:_identify(src) by extension 'python'
[1.139s] Level 1:colcon.colcon_core.package_identification:_identify(src) by extensions ['python_setup_py']
[1.139s] Level 1:colcon.colcon_core.package_identification:_identify(src) by extension 'python_setup_py'
[1.139s] Level 1:colcon.colcon_core.package_identification:_identify(src/my_ros2_package) by extensions ['ignore', 'ignore_ament_install']
[1.140s] Level 1:colcon.colcon_core.package_identification:_identify(src/my_ros2_package) by extension 'ignore'
[1.140s] Level 1:colcon.colcon_core.package_identification:_identify(src/my_ros2_package) by extension 'ignore_ament_install'
[1.140s] Level 1:colcon.colcon_core.package_identification:_identify(src/my_ros2_package) by extensions ['colcon_pkg']
[1.140s] Level 1:colcon.colcon_core.package_identification:_identify(src/my_ros2_package) by extension 'colcon_pkg'
[1.140s] Level 1:colcon.colcon_core.package_identification:_identify(src/my_ros2_package) by extensions ['colcon_meta']
[1.140s] Level 1:colcon.colcon_core.package_identification:_identify(src/my_ros2_package) by extension 'colcon_meta'
[1.140s] Level 1:colcon.colcon_core.package_identification:_identify(src/my_ros2_package) by extensions ['ros']
[1.141s] Level 1:colcon.colcon_core.package_identification:_identify(src/my_ros2_package) by extension 'ros'
[1.151s] DEBUG:colcon.colcon_core.package_identification:Package 'src/my_ros2_package' with type 'ros.ament_cmake' and name 'my_ros2_package'
[1.152s] Level 1:colcon.colcon_core.package_discovery:discover_packages(recursive) using defaults
[1.152s] Level 1:colcon.colcon_core.package_discovery:discover_packages(ignore) discover
[1.152s] Level 1:colcon.colcon_core.package_discovery:discover_packages(ignore) using defaults
[1.152s] Level 1:colcon.colcon_core.package_discovery:discover_packages(path) discover
[1.152s] Level 1:colcon.colcon_core.package_discovery:discover_packages(path) using defaults
[1.210s] Level 1:colcon.colcon_core.package_discovery:discover_packages(prefix_path) check parameters
[1.210s] Level 1:colcon.colcon_core.package_discovery:discover_packages(prefix_path) discover
[1.218s] DEBUG:colcon.colcon_installed_package_information.package_discovery:Found 0 installed packages in /home/avees/ros2_ws/install
[1.224s] DEBUG:colcon.colcon_installed_package_information.package_discovery:Found 256 installed packages in /opt/ros/foxy
[1.230s] Level 1:colcon.colcon_core.package_discovery:discover_packages(prefix_path) using defaults
[1.440s] Level 5:colcon.colcon_core.verb:set package 'my_ros2_package' build argument 'cmake_args' from command line to 'None'
[1.440s] Level 5:colcon.colcon_core.verb:set package 'my_ros2_package' build argument 'cmake_target' from command line to 'None'
[1.440s] Level 5:colcon.colcon_core.verb:set package 'my_ros2_package' build argument 'cmake_target_skip_unavailable' from command line to 'False'
[1.440s] Level 5:colcon.colcon_core.verb:set package 'my_ros2_package' build argument 'cmake_clean_cache' from command line to 'False'
[1.441s] Level 5:colcon.colcon_core.verb:set package 'my_ros2_package' build argument 'cmake_clean_first' from command line to 'False'
[1.441s] Level 5:colcon.colcon_core.verb:set package 'my_ros2_package' build argument 'cmake_force_configure' from command line to 'False'
[1.441s] Level 5:colcon.colcon_core.verb:set package 'my_ros2_package' build argument 'ament_cmake_args' from command line to 'None'
[1.441s] Level 5:colcon.colcon_core.verb:set package 'my_ros2_package' build argument 'catkin_cmake_args' from command line to 'None'
[1.441s] Level 5:colcon.colcon_core.verb:set package 'my_ros2_package' build argument 'catkin_skip_building_tests' from command line to 'False'
[1.441s] DEBUG:colcon.colcon_core.verb:Building package 'my_ros2_package' with the following arguments: {'ament_cmake_args': None, 'build_base': '/home/avees/my_ros2_ws/build/my_ros2_package', 'catkin_cmake_args': None, 'catkin_skip_building_tests': False, 'cmake_args': None, 'cmake_clean_cache': False, 'cmake_clean_first': False, 'cmake_force_configure': False, 'cmake_target': None, 'cmake_target_skip_unavailable': False, 'install_base': '/home/avees/my_ros2_ws/install/my_ros2_package', 'merge_install': False, 'path': '/home/avees/my_ros2_ws/src/my_ros2_package', 'symlink_install': False, 'test_result_base': None}
[1.443s] INFO:colcon.colcon_core.executor:Executing jobs using 'parallel' executor
[1.455s] DEBUG:colcon.colcon_parallel_executor.executor.parallel:run_until_complete
[1.456s] INFO:colcon.colcon_ros.task.ament_cmake.build:Building ROS package in '/home/avees/my_ros2_ws/src/my_ros2_package' with build type 'ament_cmake'
[1.456s] INFO:colcon.colcon_cmake.task.cmake.build:Building CMake package in '/home/avees/my_ros2_ws/src/my_ros2_package'
[1.470s] INFO:colcon.colcon_core.plugin_system:Skipping extension 'colcon_core.shell.bat': Not used on non-Windows systems
[1.471s] INFO:colcon.colcon_core.shell:Skip shell extension 'powershell' for command environment: Not usable outside of PowerShell
[1.471s] DEBUG:colcon.colcon_core.shell:Skip shell extension 'dsv' for command environment
[1.517s] DEBUG:colcon.colcon_core.event_handler.log_command:Invoking command in '/home/avees/my_ros2_ws/build/my_ros2_package': CMAKE_PREFIX_PATH=/opt/ros/foxy /usr/bin/cmake /home/avees/my_ros2_ws/src/my_ros2_package -DCMAKE_INSTALL_PREFIX=/home/avees/my_ros2_ws/install/my_ros2_package
[7.097s] DEBUG:colcon.colcon_core.event_handler.log_command:Invoked command in '/home/avees/my_ros2_ws/build/my_ros2_package' returned '1': CMAKE_PREFIX_PATH=/opt/ros/foxy /usr/bin/cmake /home/avees/my_ros2_ws/src/my_ros2_package -DCMAKE_INSTALL_PREFIX=/home/avees/my_ros2_ws/install/my_ros2_package
[7.153s] Level 1:colcon.colcon_core.environment:create_environment_scripts_only(my_ros2_package)
[7.191s] Level 1:colcon.colcon_core.environment:checking '/home/avees/my_ros2_ws/install/my_ros2_package' for CMake module files
[7.193s] Level 1:colcon.colcon_core.environment:checking '/home/avees/my_ros2_ws/install/my_ros2_package' for CMake config files
[7.195s] Level 1:colcon.colcon_core.environment:checking '/home/avees/my_ros2_ws/install/my_ros2_package/bin'
[7.195s] Level 1:colcon.colcon_core.environment:checking '/home/avees/my_ros2_ws/install/my_ros2_package/lib/pkgconfig/my_ros2_package.pc'
[7.196s] Level 1:colcon.colcon_core.environment:checking '/home/avees/my_ros2_ws/install/my_ros2_package/lib/python3.8/site-packages'
[7.196s] Level 1:colcon.colcon_core.environment:checking '/home/avees/my_ros2_ws/install/my_ros2_package/bin'
[7.201s] INFO:colcon.colcon_core.shell:Creating package script '/home/avees/my_ros2_ws/install/my_ros2_package/share/my_ros2_package/package.ps1'
[7.204s] INFO:colcon.colcon_core.shell:Creating package descriptor '/home/avees/my_ros2_ws/install/my_ros2_package/share/my_ros2_package/package.dsv'
[7.206s] INFO:colcon.colcon_core.shell:Creating package script '/home/avees/my_ros2_ws/install/my_ros2_package/share/my_ros2_package/package.sh'
[7.208s] INFO:colcon.colcon_core.shell:Creating package script '/home/avees/my_ros2_ws/install/my_ros2_package/share/my_ros2_package/package.bash'
[7.210s] INFO:colcon.colcon_core.shell:Creating package script '/home/avees/my_ros2_ws/install/my_ros2_package/share/my_ros2_package/package.zsh'
[7.212s] Level 1:colcon.colcon_core.environment:create_file_with_runtime_dependencies(/home/avees/my_ros2_ws/install/my_ros2_package/share/colcon-core/packages/my_ros2_package)
[7.223s] DEBUG:colcon.colcon_parallel_executor.executor.parallel:closing loop
[7.224s] DEBUG:colcon.colcon_parallel_executor.executor.parallel:loop closed
[7.224s] DEBUG:colcon.colcon_parallel_executor.executor.parallel:run_until_complete finished with '1'
[7.225s] DEBUG:colcon.colcon_core.event_reactor:joining thread
[7.243s] INFO:colcon.colcon_core.plugin_system:Skipping extension 'colcon_notification.desktop_notification.terminal_notifier': Not used on non-Darwin systems
[7.244s] INFO:colcon.colcon_core.plugin_system:Skipping extension 'colcon_notification.desktop_notification.win32': Not used on non-Windows systems
[7.244s] INFO:colcon.colcon_notification.desktop_notification:Sending desktop notification using 'notify2'
[7.319s] DEBUG:colcon.colcon_core.event_reactor:joined thread
[7.324s] INFO:colcon.colcon_core.shell:Creating prefix script '/home/avees/my_ros2_ws/install/local_setup.ps1'
[7.327s] INFO:colcon.colcon_core.shell:Creating prefix util module '/home/avees/my_ros2_ws/install/_local_setup_util_ps1.py'
[7.331s] INFO:colcon.colcon_core.shell:Creating prefix chain script '/home/avees/my_ros2_ws/install/setup.ps1'
[7.336s] INFO:colcon.colcon_core.shell:Creating prefix script '/home/avees/my_ros2_ws/install/local_setup.sh'
[7.338s] INFO:colcon.colcon_core.shell:Creating prefix util module '/home/avees/my_ros2_ws/install/_local_setup_util_sh.py'
[7.340s] INFO:colcon.colcon_core.shell:Creating prefix chain script '/home/avees/my_ros2_ws/install/setup.sh'
[7.344s] INFO:colcon.colcon_core.shell:Creating prefix script '/home/avees/my_ros2_ws/install/local_setup.bash'
[7.346s] INFO:colcon.colcon_core.shell:Creating prefix chain script '/home/avees/my_ros2_ws/install/setup.bash'
[7.349s] INFO:colcon.colcon_core.shell:Creating prefix script '/home/avees/my_ros2_ws/install/local_setup.zsh'
[7.351s] INFO:colcon.colcon_core.shell:Creating prefix chain script '/home/avees/my_ros2_ws/install/setup.zsh'
