[1.069s] DEBUG:colcon:Command line arguments: ['/usr/bin/colcon', 'build']
[1.069s] DEBUG:colcon:Parsed command line arguments: Namespace(allow_overriding=[], ament_cmake_args=None, base_paths=['.'], build_base='build', catkin_cmake_args=None, catkin_skip_building_tests=False, cmake_args=None, cmake_clean_cache=False, cmake_clean_first=False, cmake_force_configure=False, cmake_target=None, cmake_target_skip_unavailable=False, continue_on_error=False, event_handlers=None, executor='parallel', ignore_user_meta=False, install_base='install', log_base=None, log_level=None, main=<bound method BuildVerb.main of <colcon_core.verb.build.BuildVerb object at 0xffffadd76940>>, merge_install=False, metas=['./colcon.meta'], packages_above=None, packages_above_and_dependencies=None, packages_above_depth=None, packages_end=None, packages_ignore=None, packages_ignore_regex=None, packages_select=None, packages_select_build_failed=False, packages_select_by_dep=None, packages_select_regex=None, packages_select_test_failures=False, packages_skip=None, packages_skip_build_finished=False, packages_skip_by_dep=None, packages_skip_regex=None, packages_skip_test_passed=False, packages_skip_up_to=None, packages_start=None, packages_up_to=None, packages_up_to_regex=None, parallel_workers=8, paths=None, symlink_install=False, test_result_base=None, verb_extension=<colcon_core.verb.build.BuildVerb object at 0xffffadd76940>, verb_name='build', verb_parser=<colcon_defaults.argument_parser.defaults.DefaultArgumentsDecorator object at 0xffffadd76eb0>)
[1.150s] Level 1:colcon.colcon_core.package_discovery:discover_packages(colcon_meta) check parameters
[1.150s] Level 1:colcon.colcon_core.package_discovery:discover_packages(recursive) check parameters
[1.150s] Level 1:colcon.colcon_core.package_discovery:discover_packages(ignore) check parameters
[1.150s] Level 1:colcon.colcon_core.package_discovery:discover_packages(path) check parameters
[1.150s] Level 1:colcon.colcon_core.package_discovery:discover_packages(colcon_meta) discover
[1.151s] Level 1:colcon.colcon_core.package_discovery:discover_packages(recursive) discover
[1.151s] INFO:colcon.colcon_core.package_discovery:Crawling recursively for packages in '/home/avees/my_ros2_ws'
[1.151s] Level 1:colcon.colcon_core.package_identification:_identify(.) by extensions ['ignore', 'ignore_ament_install']
[1.151s] Level 1:colcon.colcon_core.package_identification:_identify(.) by extension 'ignore'
[1.152s] Level 1:colcon.colcon_core.package_identification:_identify(.) by extension 'ignore_ament_install'
[1.152s] Level 1:colcon.colcon_core.package_identification:_identify(.) by extensions ['colcon_pkg']
[1.152s] Level 1:colcon.colcon_core.package_identification:_identify(.) by extension 'colcon_pkg'
[1.152s] Level 1:colcon.colcon_core.package_identification:_identify(.) by extensions ['colcon_meta']
[1.152s] Level 1:colcon.colcon_core.package_identification:_identify(.) by extension 'colcon_meta'
[1.152s] Level 1:colcon.colcon_core.package_identification:_identify(.) by extensions ['ros']
[1.152s] Level 1:colcon.colcon_core.package_identification:_identify(.) by extension 'ros'
[1.213s] Level 1:colcon.colcon_core.package_identification:_identify(.) by extensions ['cmake', 'python']
[1.214s] Level 1:colcon.colcon_core.package_identification:_identify(.) by extension 'cmake'
[1.214s] Level 1:colcon.colcon_core.package_identification:_identify(.) by extension 'python'
[1.214s] Level 1:colcon.colcon_core.package_identification:_identify(.) by extensions ['python_setup_py']
[1.214s] Level 1:colcon.colcon_core.package_identification:_identify(.) by extension 'python_setup_py'
[1.215s] Level 1:colcon.colcon_core.package_identification:_identify(build) by extensions ['ignore', 'ignore_ament_install']
[1.215s] Level 1:colcon.colcon_core.package_identification:_identify(build) by extension 'ignore'
[1.215s] Level 1:colcon.colcon_core.package_identification:_identify(build) ignored
[1.215s] Level 1:colcon.colcon_core.package_identification:_identify(install) by extensions ['ignore', 'ignore_ament_install']
[1.216s] Level 1:colcon.colcon_core.package_identification:_identify(install) by extension 'ignore'
[1.216s] Level 1:colcon.colcon_core.package_identification:_identify(install) ignored
[1.216s] Level 1:colcon.colcon_core.package_identification:_identify(log) by extensions ['ignore', 'ignore_ament_install']
[1.216s] Level 1:colcon.colcon_core.package_identification:_identify(log) by extension 'ignore'
[1.217s] Level 1:colcon.colcon_core.package_identification:_identify(log) ignored
[1.217s] Level 1:colcon.colcon_core.package_identification:_identify(src) by extensions ['ignore', 'ignore_ament_install']
[1.217s] Level 1:colcon.colcon_core.package_identification:_identify(src) by extension 'ignore'
[1.217s] Level 1:colcon.colcon_core.package_identification:_identify(src) by extension 'ignore_ament_install'
[1.217s] Level 1:colcon.colcon_core.package_identification:_identify(src) by extensions ['colcon_pkg']
[1.218s] Level 1:colcon.colcon_core.package_identification:_identify(src) by extension 'colcon_pkg'
[1.218s] Level 1:colcon.colcon_core.package_identification:_identify(src) by extensions ['colcon_meta']
[1.218s] Level 1:colcon.colcon_core.package_identification:_identify(src) by extension 'colcon_meta'
[1.218s] Level 1:colcon.colcon_core.package_identification:_identify(src) by extensions ['ros']
[1.218s] Level 1:colcon.colcon_core.package_identification:_identify(src) by extension 'ros'
[1.218s] Level 1:colcon.colcon_core.package_identification:_identify(src) by extensions ['cmake', 'python']
[1.219s] Level 1:colcon.colcon_core.package_identification:_identify(src) by extension 'cmake'
[1.219s] Level 1:colcon.colcon_core.package_identification:_identify(src) by extension 'python'
[1.219s] Level 1:colcon.colcon_core.package_identification:_identify(src) by extensions ['python_setup_py']
[1.219s] Level 1:colcon.colcon_core.package_identification:_identify(src) by extension 'python_setup_py'
[1.219s] Level 1:colcon.colcon_core.package_identification:_identify(src/my_ros2_package) by extensions ['ignore', 'ignore_ament_install']
[1.219s] Level 1:colcon.colcon_core.package_identification:_identify(src/my_ros2_package) by extension 'ignore'
[1.220s] Level 1:colcon.colcon_core.package_identification:_identify(src/my_ros2_package) by extension 'ignore_ament_install'
[1.220s] Level 1:colcon.colcon_core.package_identification:_identify(src/my_ros2_package) by extensions ['colcon_pkg']
[1.220s] Level 1:colcon.colcon_core.package_identification:_identify(src/my_ros2_package) by extension 'colcon_pkg'
[1.220s] Level 1:colcon.colcon_core.package_identification:_identify(src/my_ros2_package) by extensions ['colcon_meta']
[1.220s] Level 1:colcon.colcon_core.package_identification:_identify(src/my_ros2_package) by extension 'colcon_meta'
[1.220s] Level 1:colcon.colcon_core.package_identification:_identify(src/my_ros2_package) by extensions ['ros']
[1.220s] Level 1:colcon.colcon_core.package_identification:_identify(src/my_ros2_package) by extension 'ros'
[1.228s] DEBUG:colcon.colcon_core.package_identification:Package 'src/my_ros2_package' with type 'ros.ament_cmake' and name 'my_ros2_package'
[1.228s] Level 1:colcon.colcon_core.package_discovery:discover_packages(recursive) using defaults
[1.228s] Level 1:colcon.colcon_core.package_discovery:discover_packages(ignore) discover
[1.228s] Level 1:colcon.colcon_core.package_discovery:discover_packages(ignore) using defaults
[1.228s] Level 1:colcon.colcon_core.package_discovery:discover_packages(path) discover
[1.228s] Level 1:colcon.colcon_core.package_discovery:discover_packages(path) using defaults
[1.287s] Level 1:colcon.colcon_core.package_discovery:discover_packages(prefix_path) check parameters
[1.287s] Level 1:colcon.colcon_core.package_discovery:discover_packages(prefix_path) discover
[1.295s] DEBUG:colcon.colcon_installed_package_information.package_discovery:Found 1 installed packages in /home/avees/my_ros2_ws/install
[1.301s] DEBUG:colcon.colcon_installed_package_information.package_discovery:Found 256 installed packages in /opt/ros/foxy
[1.307s] Level 1:colcon.colcon_core.package_discovery:discover_packages(prefix_path) using defaults
[1.526s] Level 5:colcon.colcon_core.verb:set package 'my_ros2_package' build argument 'cmake_args' from command line to 'None'
[1.526s] Level 5:colcon.colcon_core.verb:set package 'my_ros2_package' build argument 'cmake_target' from command line to 'None'
[1.526s] Level 5:colcon.colcon_core.verb:set package 'my_ros2_package' build argument 'cmake_target_skip_unavailable' from command line to 'False'
[1.527s] Level 5:colcon.colcon_core.verb:set package 'my_ros2_package' build argument 'cmake_clean_cache' from command line to 'False'
[1.527s] Level 5:colcon.colcon_core.verb:set package 'my_ros2_package' build argument 'cmake_clean_first' from command line to 'False'
[1.527s] Level 5:colcon.colcon_core.verb:set package 'my_ros2_package' build argument 'cmake_force_configure' from command line to 'False'
[1.527s] Level 5:colcon.colcon_core.verb:set package 'my_ros2_package' build argument 'ament_cmake_args' from command line to 'None'
[1.527s] Level 5:colcon.colcon_core.verb:set package 'my_ros2_package' build argument 'catkin_cmake_args' from command line to 'None'
[1.527s] Level 5:colcon.colcon_core.verb:set package 'my_ros2_package' build argument 'catkin_skip_building_tests' from command line to 'False'
[1.527s] DEBUG:colcon.colcon_core.verb:Building package 'my_ros2_package' with the following arguments: {'ament_cmake_args': None, 'build_base': '/home/avees/my_ros2_ws/build/my_ros2_package', 'catkin_cmake_args': None, 'catkin_skip_building_tests': False, 'cmake_args': None, 'cmake_clean_cache': False, 'cmake_clean_first': False, 'cmake_force_configure': False, 'cmake_target': None, 'cmake_target_skip_unavailable': False, 'install_base': '/home/avees/my_ros2_ws/install/my_ros2_package', 'merge_install': False, 'path': '/home/avees/my_ros2_ws/src/my_ros2_package', 'symlink_install': False, 'test_result_base': None}
[1.529s] INFO:colcon.colcon_core.executor:Executing jobs using 'parallel' executor
[1.541s] DEBUG:colcon.colcon_parallel_executor.executor.parallel:run_until_complete
[1.542s] INFO:colcon.colcon_ros.task.ament_cmake.build:Building ROS package in '/home/avees/my_ros2_ws/src/my_ros2_package' with build type 'ament_cmake'
[1.542s] INFO:colcon.colcon_cmake.task.cmake.build:Building CMake package in '/home/avees/my_ros2_ws/src/my_ros2_package'
[1.555s] INFO:colcon.colcon_core.plugin_system:Skipping extension 'colcon_core.shell.bat': Not used on non-Windows systems
[1.556s] INFO:colcon.colcon_core.shell:Skip shell extension 'powershell' for command environment: Not usable outside of PowerShell
[1.557s] DEBUG:colcon.colcon_core.shell:Skip shell extension 'dsv' for command environment
[1.606s] DEBUG:colcon.colcon_core.event_handler.log_command:Invoking command in '/home/avees/my_ros2_ws/build/my_ros2_package': CMAKE_PREFIX_PATH=/opt/ros/foxy /usr/bin/cmake /home/avees/my_ros2_ws/src/my_ros2_package -DCMAKE_INSTALL_PREFIX=/home/avees/my_ros2_ws/install/my_ros2_package
[3.661s] DEBUG:colcon.colcon_core.event_handler.log_command:Invoked command in '/home/avees/my_ros2_ws/build/my_ros2_package' returned '1': CMAKE_PREFIX_PATH=/opt/ros/foxy /usr/bin/cmake /home/avees/my_ros2_ws/src/my_ros2_package -DCMAKE_INSTALL_PREFIX=/home/avees/my_ros2_ws/install/my_ros2_package
[3.719s] Level 1:colcon.colcon_core.environment:create_environment_scripts_only(my_ros2_package)
[3.754s] Level 1:colcon.colcon_core.environment:checking '/home/avees/my_ros2_ws/install/my_ros2_package' for CMake module files
[3.756s] Level 1:colcon.colcon_core.environment:checking '/home/avees/my_ros2_ws/install/my_ros2_package' for CMake config files
[3.759s] Level 1:colcon.colcon_core.environment:checking '/home/avees/my_ros2_ws/install/my_ros2_package/bin'
[3.760s] Level 1:colcon.colcon_core.environment:checking '/home/avees/my_ros2_ws/install/my_ros2_package/lib/pkgconfig/my_ros2_package.pc'
[3.761s] Level 1:colcon.colcon_core.environment:checking '/home/avees/my_ros2_ws/install/my_ros2_package/lib/python3.8/site-packages'
[3.762s] Level 1:colcon.colcon_core.environment:checking '/home/avees/my_ros2_ws/install/my_ros2_package/bin'
[3.767s] INFO:colcon.colcon_core.shell:Creating package script '/home/avees/my_ros2_ws/install/my_ros2_package/share/my_ros2_package/package.ps1'
[3.770s] INFO:colcon.colcon_core.shell:Creating package descriptor '/home/avees/my_ros2_ws/install/my_ros2_package/share/my_ros2_package/package.dsv'
[3.771s] INFO:colcon.colcon_core.shell:Creating package script '/home/avees/my_ros2_ws/install/my_ros2_package/share/my_ros2_package/package.sh'
[3.773s] INFO:colcon.colcon_core.shell:Creating package script '/home/avees/my_ros2_ws/install/my_ros2_package/share/my_ros2_package/package.bash'
[3.775s] INFO:colcon.colcon_core.shell:Creating package script '/home/avees/my_ros2_ws/install/my_ros2_package/share/my_ros2_package/package.zsh'
[3.777s] Level 1:colcon.colcon_core.environment:create_file_with_runtime_dependencies(/home/avees/my_ros2_ws/install/my_ros2_package/share/colcon-core/packages/my_ros2_package)
[3.789s] DEBUG:colcon.colcon_parallel_executor.executor.parallel:closing loop
[3.789s] DEBUG:colcon.colcon_parallel_executor.executor.parallel:loop closed
[3.790s] DEBUG:colcon.colcon_parallel_executor.executor.parallel:run_until_complete finished with '1'
[3.790s] DEBUG:colcon.colcon_core.event_reactor:joining thread
[3.809s] INFO:colcon.colcon_core.plugin_system:Skipping extension 'colcon_notification.desktop_notification.terminal_notifier': Not used on non-Darwin systems
[3.809s] INFO:colcon.colcon_core.plugin_system:Skipping extension 'colcon_notification.desktop_notification.win32': Not used on non-Windows systems
[3.810s] INFO:colcon.colcon_notification.desktop_notification:Sending desktop notification using 'notify2'
[3.880s] DEBUG:colcon.colcon_core.event_reactor:joined thread
[3.885s] INFO:colcon.colcon_core.shell:Creating prefix script '/home/avees/my_ros2_ws/install/local_setup.ps1'
[3.888s] INFO:colcon.colcon_core.shell:Creating prefix util module '/home/avees/my_ros2_ws/install/_local_setup_util_ps1.py'
[3.892s] INFO:colcon.colcon_core.shell:Creating prefix chain script '/home/avees/my_ros2_ws/install/setup.ps1'
[3.898s] INFO:colcon.colcon_core.shell:Creating prefix script '/home/avees/my_ros2_ws/install/local_setup.sh'
[3.899s] INFO:colcon.colcon_core.shell:Creating prefix util module '/home/avees/my_ros2_ws/install/_local_setup_util_sh.py'
[3.901s] INFO:colcon.colcon_core.shell:Creating prefix chain script '/home/avees/my_ros2_ws/install/setup.sh'
[3.905s] INFO:colcon.colcon_core.shell:Creating prefix script '/home/avees/my_ros2_ws/install/local_setup.bash'
[3.907s] INFO:colcon.colcon_core.shell:Creating prefix chain script '/home/avees/my_ros2_ws/install/setup.bash'
[3.910s] INFO:colcon.colcon_core.shell:Creating prefix script '/home/avees/my_ros2_ws/install/local_setup.zsh'
[3.912s] INFO:colcon.colcon_core.shell:Creating prefix chain script '/home/avees/my_ros2_ws/install/setup.zsh'
