[0.058s] Invoking command in '/home/avees/my_ros2_ws/build/my_ros2_package': CMAKE_PREFIX_PATH=/opt/ros/foxy /usr/bin/cmake /home/avees/my_ros2_ws/src/my_ros2_package -DAMENT_CMAKE_SYMLINK_INSTALL=1 -DCMAKE_INSTALL_PREFIX=/home/avees/my_ros2_ws/install/my_ros2_package
[0.117s] -- Found ament_cmake: 0.9.12 (/opt/ros/foxy/share/ament_cmake/cmake)
[0.193s] -- Using PYTHON_EXECUTABLE: /usr/bin/python3
[0.754s] -- Override CMake install command with custom implementation using symlinks instead of copying resources
[0.787s] -- Found ament_lint_auto: 0.9.8 (/opt/ros/foxy/share/ament_lint_auto/cmake)
[1.001s] -- Added test 'copyright' to check source files copyright and LICENSE
[1.009s] -- Added test 'lint_cmake' to check CMake code style
[1.014s] -- Added test 'xmllint' to check XML markup files
[1.019s] -- Found rclcpp: 2.4.3 (/opt/ros/foxy/share/rclcpp/cmake)
[1.150s] -- Using all available rosidl_typesupport_c: rosidl_typesupport_fastrtps_c;rosidl_typesupport_introspection_c
[1.163s] -- Found rosidl_adapter: 1.3.1 (/opt/ros/foxy/share/rosidl_adapter/cmake)
[1.556s] -- Using all available rosidl_typesupport_cpp: rosidl_typesupport_fastrtps_cpp;rosidl_typesupport_introspection_cpp
[1.721s] -- Found rmw_implementation_cmake: 1.0.4 (/opt/ros/foxy/share/rmw_implementation_cmake/cmake)
[1.725s] -- Using RMW implementation 'rmw_fastrtps_cpp' as default
[2.176s] -- Configuring done
[2.180s] CMake Error at CMakeLists.txt:43 (add_executable):
[2.180s]   Cannot find source file:
[2.180s] 
[2.181s]     src/number_subscriber.cpp
[2.181s] 
[2.181s]   Tried extensions .c .C .c++ .cc .cpp .cxx .cu .m .M .mm .h .hh .h++ .hm
[2.181s]   .hpp .hxx .in .txx
[2.182s] 
[2.182s] 
[2.183s] CMake Error at CMakeLists.txt:40 (add_executable):
[2.183s]   Cannot find source file:
[2.183s] 
[2.184s]     src/number_publisher.cpp
[2.184s] 
[2.184s]   Tried extensions .c .C .c++ .cc .cpp .cxx .cu .m .M .mm .h .hh .h++ .hm
[2.185s]   .hpp .hxx .in .txx
[2.185s] 
[2.185s] 
[2.185s] CMake Error at CMakeLists.txt:43 (add_executable):
[2.186s]   No SOURCES given to target: number_subscriber
[2.186s] 
[2.186s] 
[2.187s] CMake Error at CMakeLists.txt:40 (add_executable):
[2.187s]   No SOURCES given to target: number_publisher
[2.187s] 
[2.187s] 
[2.188s] CMake Generate step failed.  Build files cannot be regenerated correctly.
[2.207s] Invoked command in '/home/avees/my_ros2_ws/build/my_ros2_package' returned '1': CMAKE_PREFIX_PATH=/opt/ros/foxy /usr/bin/cmake /home/avees/my_ros2_ws/src/my_ros2_package -DAMENT_CMAKE_SYMLINK_INSTALL=1 -DCMAKE_INSTALL_PREFIX=/home/avees/my_ros2_ws/install/my_ros2_package
