-- Found ament_cmake: 0.9.12 (/opt/ros/foxy/share/ament_cmake/cmake)
-- Using PYTHON_EXECUTABLE: /usr/bin/python3
-- Override CMake install command with custom implementation using symlinks instead of copying resources
-- Found ament_lint_auto: 0.9.8 (/opt/ros/foxy/share/ament_lint_auto/cmake)
-- Added test 'copyright' to check source files copyright and LICENSE
-- Added test 'cppcheck' to perform static code analysis on C / C++ code
-- Configured cppcheck include dirs: 
-- Configured cppcheck exclude dirs and/or files: 
-- Added test 'cpplint' to check C / C++ code against the Google style
-- Configured cpplint exclude dirs and/or files: 
-- Added test 'lint_cmake' to check CMake code style
-- Added test 'uncrustify' to check C / C++ code style
-- Configured uncrustify additional arguments: 
-- Added test 'xmllint' to check XML markup files
-- Found rclcpp: 2.4.3 (/opt/ros/foxy/share/rclcpp/cmake)
-- Using all available rosidl_typesupport_c: rosidl_typesupport_fastrtps_c;rosidl_typesupport_introspection_c
-- Found rosidl_adapter: 1.3.1 (/opt/ros/foxy/share/rosidl_adapter/cmake)
-- Using all available rosidl_typesupport_cpp: rosidl_typesupport_fastrtps_cpp;rosidl_typesupport_introspection_cpp
-- Found rmw_implementation_cmake: 1.0.4 (/opt/ros/foxy/share/rmw_implementation_cmake/cmake)
-- Using RMW implementation 'rmw_fastrtps_cpp' as default
-- Configuring done
-- Generating done
-- Build files have been written to: /home/avees/my_ros2_ws/build/my_ros2_package
[35m[1mScanning dependencies of target number_subscriber[0m
[35m[1mScanning dependencies of target number_publisher[0m
[ 50%] [32mBuilding CXX object CMakeFiles/number_subscriber.dir/src/number_subscriber.cpp.o[0m
[ 50%] [32mBuilding CXX object CMakeFiles/number_publisher.dir/src/number_publisher.cpp.o[0m
[01m[K/home/avees/my_ros2_ws/src/my_ros2_package/src/number_publisher.cpp:[m[K In constructor ‘[01m[KNumberPublisher::NumberPublisher()[m[K’:
[01m[K/home/avees/my_ros2_ws/src/my_ros2_package/src/number_publisher.cpp:14:13:[m[K [01;31m[Kerror: [m[Kunable to find numeric literal operator ‘[01m[Koperator""ms[m[K’
   14 |             [01;31m[K1000ms[m[K, std::bind(&NumberPublisher::on_timer, this));
      |             [01;31m[K^~~~~~[m[K
make[2]: *** [CMakeFiles/number_publisher.dir/build.make:63: CMakeFiles/number_publisher.dir/src/number_publisher.cpp.o] Error 1
make[1]: *** [CMakeFiles/Makefile2:134: CMakeFiles/number_publisher.dir/all] Error 2
make[1]: *** Waiting for unfinished jobs....
[ 75%] [32m[1mLinking CXX executable number_subscriber[0m
[ 75%] Built target number_subscriber
make: *** [Makefile:141: all] Error 2
