[0.062s] Invoking command in '/home/avees/my_ros2_ws/build/my_ros2_package': CMAKE_PREFIX_PATH=/opt/ros/foxy /usr/bin/cmake /home/avees/my_ros2_ws/src/my_ros2_package -DCMAKE_INSTALL_PREFIX=/home/avees/my_ros2_ws/install/my_ros2_package
[0.118s] -- Found ament_cmake: 0.9.12 (/opt/ros/foxy/share/ament_cmake/cmake)
[0.190s] -- Using PYTHON_EXECUTABLE: /usr/bin/python3
[0.773s] -- Override CMake install command with custom implementation using symlinks instead of copying resources
[0.799s] -- Found ament_lint_auto: 0.9.8 (/opt/ros/foxy/share/ament_lint_auto/cmake)
[1.006s] -- Added test 'copyright' to check source files copyright and LICENSE
[1.013s] -- Added test 'lint_cmake' to check CMake code style
[1.016s] -- Added test 'xmllint' to check XML markup files
[1.020s] -- Found rclcpp: 2.4.3 (/opt/ros/foxy/share/rclcpp/cmake)
[1.130s] -- Using all available rosidl_typesupport_c: rosidl_typesupport_fastrtps_c;rosidl_typesupport_introspection_c
[1.142s] -- Found rosidl_adapter: 1.3.1 (/opt/ros/foxy/share/rosidl_adapter/cmake)
[1.500s] -- Using all available rosidl_typesupport_cpp: rosidl_typesupport_fastrtps_cpp;rosidl_typesupport_introspection_cpp
[1.655s] -- Found rmw_implementation_cmake: 1.0.4 (/opt/ros/foxy/share/rmw_implementation_cmake/cmake)
[1.659s] -- Using RMW implementation 'rmw_fastrtps_cpp' as default
[2.092s] -- Configuring done
[2.095s] CMake Error at CMakeLists.txt:43 (add_executable):
[2.095s]   Cannot find source file:
[2.096s] 
[2.096s]     src/number_subscriber.cpp
[2.096s] 
[2.096s]   Tried extensions .c .C .c++ .cc .cpp .cxx .cu .m .M .mm .h .hh .h++ .hm
[2.097s]   .hpp .hxx .in .txx
[2.097s] 
[2.097s] 
[2.098s] CMake Error at CMakeLists.txt:40 (add_executable):
[2.098s]   Cannot find source file:
[2.098s] 
[2.099s]     src/number_publisher.cpp
[2.099s] 
[2.099s]   Tried extensions .c .C .c++ .cc .cpp .cxx .cu .m .M .mm .h .hh .h++ .hm
[2.100s]   .hpp .hxx .in .txx
[2.100s] 
[2.100s] 
[2.100s] CMake Error at CMakeLists.txt:43 (add_executable):
[2.101s]   No SOURCES given to target: number_subscriber
[2.101s] 
[2.101s] 
[2.101s] CMake Error at CMakeLists.txt:40 (add_executable):
[2.102s]   No SOURCES given to target: number_publisher
[2.102s] 
[2.102s] 
[2.102s] CMake Generate step failed.  Build files cannot be regenerated correctly.
[2.118s] Invoked command in '/home/avees/my_ros2_ws/build/my_ros2_package' returned '1': CMAKE_PREFIX_PATH=/opt/ros/foxy /usr/bin/cmake /home/avees/my_ros2_ws/src/my_ros2_package -DCMAKE_INSTALL_PREFIX=/home/avees/my_ros2_ws/install/my_ros2_package
