[0.063s] Invoking command in '/home/avees/my_ros2_ws/build/my_ros2_package': CMAKE_PREFIX_PATH=${CMAKE_PREFIX_PATH}:/opt/ros/foxy /usr/bin/cmake --build /home/avees/my_ros2_ws/build/my_ros2_package -- -j8 -l8
[0.293s] [ 75%] Built target number_publisher
[0.293s] [100%] Built target number_subscriber
[0.338s] Invoked command in '/home/avees/my_ros2_ws/build/my_ros2_package' returned '0': CMAKE_PREFIX_PATH=${CMAKE_PREFIX_PATH}:/opt/ros/foxy /usr/bin/cmake --build /home/avees/my_ros2_ws/build/my_ros2_package -- -j8 -l8
[0.502s] Invoking command in '/home/avees/my_ros2_ws/build/my_ros2_package': CMAKE_PREFIX_PATH=${CMAKE_PREFIX_PATH}:/opt/ros/foxy /usr/bin/cmake --install /home/avees/my_ros2_ws/build/my_ros2_package
[0.533s] -- Install configuration: ""
[0.535s] -- Execute custom install script
[0.536s] -- Up-to-date symlink: /home/avees/my_ros2_ws/install/my_ros2_package/share/ament_index/resource_index/package_run_dependencies/my_ros2_package
[0.537s] -- Up-to-date symlink: /home/avees/my_ros2_ws/install/my_ros2_package/share/ament_index/resource_index/parent_prefix_path/my_ros2_package
[0.539s] -- Up-to-date symlink: /home/avees/my_ros2_ws/install/my_ros2_package/share/my_ros2_package/environment/ament_prefix_path.sh
[0.540s] -- Up-to-date symlink: /home/avees/my_ros2_ws/install/my_ros2_package/share/my_ros2_package/environment/ament_prefix_path.dsv
[0.541s] -- Up-to-date symlink: /home/avees/my_ros2_ws/install/my_ros2_package/share/my_ros2_package/environment/path.sh
[0.542s] -- Up-to-date symlink: /home/avees/my_ros2_ws/install/my_ros2_package/share/my_ros2_package/environment/path.dsv
[0.543s] -- Up-to-date symlink: /home/avees/my_ros2_ws/install/my_ros2_package/share/my_ros2_package/local_setup.bash
[0.544s] -- Up-to-date symlink: /home/avees/my_ros2_ws/install/my_ros2_package/share/my_ros2_package/local_setup.sh
[0.545s] -- Up-to-date symlink: /home/avees/my_ros2_ws/install/my_ros2_package/share/my_ros2_package/local_setup.zsh
[0.547s] -- Up-to-date symlink: /home/avees/my_ros2_ws/install/my_ros2_package/share/my_ros2_package/local_setup.dsv
[0.547s] -- Symlinking: /home/avees/my_ros2_ws/install/my_ros2_package/share/my_ros2_package/package.dsv
[0.582s] -- Up-to-date symlink: /home/avees/my_ros2_ws/install/my_ros2_package/share/ament_index/resource_index/packages/my_ros2_package
[0.583s] -- Up-to-date symlink: /home/avees/my_ros2_ws/install/my_ros2_package/share/my_ros2_package/cmake/my_ros2_packageConfig.cmake
[0.584s] -- Up-to-date symlink: /home/avees/my_ros2_ws/install/my_ros2_package/share/my_ros2_package/cmake/my_ros2_packageConfig-version.cmake
[0.585s] -- Up-to-date symlink: /home/avees/my_ros2_ws/install/my_ros2_package/share/my_ros2_package/package.xml
[0.587s] -- Up-to-date symlink: /home/avees/my_ros2_ws/install/my_ros2_package/lib/my_ros2_package/number_publisher
[0.588s] -- Up-to-date symlink: /home/avees/my_ros2_ws/install/my_ros2_package/lib/my_ros2_package/number_subscriber
[0.600s] Invoked command in '/home/avees/my_ros2_ws/build/my_ros2_package' returned '0': CMAKE_PREFIX_PATH=${CMAKE_PREFIX_PATH}:/opt/ros/foxy /usr/bin/cmake --install /home/avees/my_ros2_ws/build/my_ros2_package
